The system is: CYGWIN - 3.1.7(0.340/5/3) - x86_64
Compiling the C compiler identification source file "CMakeCCompilerId.c" succeeded.
Compiler: /usr/bin/cc 
Build flags: 
Id flags:  

The output was:
0


Compilation of the C compiler identification source "CMakeCCompilerId.c" produced "a.exe"

The C compiler identification is GNU, found in "/cygdrive/c/Users/toj90/Documents/GitHub/cs200_final/cmake-build-debug/CMakeFiles/3.17.3/CompilerIdC/a.exe"

Compiling the CXX compiler identification source file "CMakeCXXCompilerId.cpp" succeeded.
Compiler: /usr/bin/c++.exe 
Build flags: 
Id flags:  

The output was:
0


Compilation of the CXX compiler identification source "CMakeCXXCompilerId.cpp" produced "a.exe"

The CXX compiler identification is GNU, found in "/cygdrive/c/Users/toj90/Documents/GitHub/cs200_final/cmake-build-debug/CMakeFiles/3.17.3/CompilerIdCXX/a.exe"

Determining if the C compiler works passed with the following output:
Change Dir: /cygdrive/c/Users/toj90/Documents/GitHub/cs200_final/cmake-build-debug/CMakeFiles/CMakeTmp

Run Build Command(s):/cygdrive/c/Strawberry/c/bin/gmake.exe cmTC_5e6a4/fast && C:/Strawberry/c/bin/gmake  -f CMakeFiles/cmTC_5e6a4.dir/build.make CMakeFiles/cmTC_5e6a4.dir/build
gmake[1]: Entering directory 'C:/Users/toj90/Documents/GitHub/cs200_final/cmake-build-debug/CMakeFiles/CMakeTmp'
Building C object CMakeFiles/cmTC_5e6a4.dir/testCCompiler.c.o
/usr/bin/cc    -o CMakeFiles/cmTC_5e6a4.dir/testCCompiler.c.o   -c /cygdrive/c/Users/toj90/Documents/GitHub/cs200_final/cmake-build-debug/CMakeFiles/CMakeTmp/testCCompiler.c
Linking C executable cmTC_5e6a4.exe
/cygdrive/c/Users/toj90/AppData/Local/JetBrains/CLion2020.2/cygwin_cmake/bin/cmake.exe -E cmake_link_script CMakeFiles/cmTC_5e6a4.dir/link.txt --verbose=1
/usr/bin/cc    -Wl,--enable-auto-import  CMakeFiles/cmTC_5e6a4.dir/testCCompiler.c.o  -o cmTC_5e6a4.exe -Wl,--out-implib,libcmTC_5e6a4.dll.a -Wl,--major-image-version,0,--minor-image-version,0 
gmake[1]: Leaving directory 'C:/Users/toj90/Documents/GitHub/cs200_final/cmake-build-debug/CMakeFiles/CMakeTmp'



Determining if the CXX compiler works passed with the following output:
Change Dir: /cygdrive/c/Users/toj90/Documents/GitHub/cs200_final/cmake-build-debug/CMakeFiles/CMakeTmp

Run Build Command(s):/cygdrive/c/Strawberry/c/bin/gmake.exe cmTC_aaf1d/fast && C:/Strawberry/c/bin/gmake  -f CMakeFiles/cmTC_aaf1d.dir/build.make CMakeFiles/cmTC_aaf1d.dir/build
gmake[1]: Entering directory 'C:/Users/toj90/Documents/GitHub/cs200_final/cmake-build-debug/CMakeFiles/CMakeTmp'
Building CXX object CMakeFiles/cmTC_aaf1d.dir/testCXXCompiler.cxx.o
/usr/bin/c++.exe     -o CMakeFiles/cmTC_aaf1d.dir/testCXXCompiler.cxx.o -c /cygdrive/c/Users/toj90/Documents/GitHub/cs200_final/cmake-build-debug/CMakeFiles/CMakeTmp/testCXXCompiler.cxx
Linking CXX executable cmTC_aaf1d.exe
/cygdrive/c/Users/toj90/AppData/Local/JetBrains/CLion2020.2/cygwin_cmake/bin/cmake.exe -E cmake_link_script CMakeFiles/cmTC_aaf1d.dir/link.txt --verbose=1
/usr/bin/c++.exe    -Wl,--enable-auto-import  CMakeFiles/cmTC_aaf1d.dir/testCXXCompiler.cxx.o  -o cmTC_aaf1d.exe -Wl,--out-implib,libcmTC_aaf1d.dll.a -Wl,--major-image-version,0,--minor-image-version,0 
gmake[1]: Leaving directory 'C:/Users/toj90/Documents/GitHub/cs200_final/cmake-build-debug/CMakeFiles/CMakeTmp'



